#
# There is insufficient memory for the Java Runtime Environment to continue.
# Native memory allocation (malloc) failed to allocate 1159856 bytes for Chunk::new
# Possible reasons:
#   The system is out of physical RAM or swap space
#   The process is running with CompressedOops enabled, and the Java Heap may be blocking the growth of the native heap
# Possible solutions:
#   Reduce memory load on the system
#   Increase physical memory or swap space
#   Check if swap backing store is full
#   Decrease Java heap size (-Xmx/-Xms)
#   Decrease number of Java threads
#   Decrease Java thread stack sizes (-Xss)
#   Set larger code cache with -XX:ReservedCodeCacheSize=
#   JVM is running with Unscaled Compressed Oops mode in which the Java heap is
#     placed in the first 4GB address space. The Java Heap base address is the
#     maximum limit for the native heap growth. Please use -XX:HeapBaseMinAddress
#     to set the Java Heap base and to place the Java Heap above 4GB virtual address.
# This output file may be truncated or incomplete.
#
#  Out of Memory Error (allocation.cpp:389), pid=4792, tid=0x0000000000000864
#
# JRE version: Java(TM) SE Runtime Environment (8.0_291-b10) (build 1.8.0_291-b10)
# Java VM: Java HotSpot(TM) 64-Bit Server VM (25.291-b10 mixed mode windows-amd64 compressed oops)
# Failed to write core dump. Minidumps are not enabled by default on client versions of Windows
#

---------------  T H R E A D  ---------------

Current thread (0x000001f82d0c0000):  JavaThread "C2 CompilerThread2" daemon [_thread_in_native, id=2148, stack(0x000000819ff00000,0x00000081a0000000)]

Stack: [0x000000819ff00000,0x00000081a0000000]
Native frames: (J=compiled Java code, j=interpreted, Vv=VM code, C=native code)
V  [jvm.dll+0x32ea19]
V  [jvm.dll+0x275462]
V  [jvm.dll+0x27610d]
V  [jvm.dll+0x26cb45]
V  [jvm.dll+0xd524c]
V  [jvm.dll+0xd5a4c]
V  [jvm.dll+0x46fd43]
V  [jvm.dll+0x437a08]
V  [jvm.dll+0x440855]
V  [jvm.dll+0x43fc15]
V  [jvm.dll+0x42aa57]
V  [jvm.dll+0xabeeb]
V  [jvm.dll+0xaa54b]
V  [jvm.dll+0x23db02]
V  [jvm.dll+0x29210c]
C  [ucrtbase.dll+0x214c2]
C  [KERNEL32.DLL+0x17034]
C  [ntdll.dll+0x4cec1]


Current CompileTask:
C2:   1580 1681       4       org.springframework.boot.context.properties.source.ConfigurationPropertyName$ElementsParser::parse (234 bytes)


---------------  P R O C E S S  ---------------

Java Threads: ( => current thread )
  0x000001f82ef11800 JavaThread "Service Thread" daemon [_thread_blocked, id=10740, stack(0x00000081a0100000,0x00000081a0200000)]
  0x000001f82d0cb800 JavaThread "C1 CompilerThread3" daemon [_thread_blocked, id=10992, stack(0x00000081a0000000,0x00000081a0100000)]
=>0x000001f82d0c0000 JavaThread "C2 CompilerThread2" daemon [_thread_in_native, id=2148, stack(0x000000819ff00000,0x00000081a0000000)]
  0x000001f82d0b5000 JavaThread "C2 CompilerThread1" daemon [_thread_blocked, id=11956, stack(0x000000819fe00000,0x000000819ff00000)]
  0x000001f82d0bc800 JavaThread "C2 CompilerThread0" daemon [_thread_blocked, id=3624, stack(0x000000819fd00000,0x000000819fe00000)]
  0x000001f82d0a6000 JavaThread "JDWP Command Reader" daemon [_thread_in_native, id=3068, stack(0x000000819fc00000,0x000000819fd00000)]
  0x000001f82d0a3000 JavaThread "JDWP Event Helper Thread" daemon [_thread_blocked, id=12164, stack(0x000000819fb00000,0x000000819fc00000)]
  0x000001f82d093000 JavaThread "JDWP Transport Listener: dt_socket" daemon [_thread_blocked, id=3200, stack(0x000000819fa00000,0x000000819fb00000)]
  0x000001f82d072000 JavaThread "Attach Listener" daemon [_thread_blocked, id=13728, stack(0x000000819f900000,0x000000819fa00000)]
  0x000001f82d071800 JavaThread "Signal Dispatcher" daemon [_thread_blocked, id=8364, stack(0x000000819f800000,0x000000819f900000)]
  0x000001f82d05a800 JavaThread "Finalizer" daemon [_thread_blocked, id=10204, stack(0x000000819f700000,0x000000819f800000)]
  0x000001f82d052000 JavaThread "Reference Handler" daemon [_thread_blocked, id=12788, stack(0x000000819f600000,0x000000819f700000)]
  0x000001f816f12800 JavaThread "main" [_thread_blocked, id=8632, stack(0x000000819ec00000,0x000000819ed00000)]

Other Threads:
  0x000001f82d027000 VMThread [stack: 0x000000819f500000,0x000000819f600000] [id=1200]
  0x000001f82ef2f800 WatcherThread [stack: 0x00000081a0200000,0x00000081a0300000] [id=11808]

VM state:at safepoint (normal execution)

VM Mutex/Monitor currently owned by a thread:  ([mutex/lock_event])
[0x000001f816f0f520] Threads_lock - owner thread: 0x000001f82d027000
[0x000001f816f10830] Heap_lock - owner thread: 0x000001f82d0cb800
[0x000001f816f10a30] MethodData_lock - owner thread: 0x000001f82d0cb800

heap address: 0x0000000082600000, size: 2010 MB, Compressed Oops mode: 32-bit
Narrow klass base: 0x0000000000000000, Narrow klass shift: 3
Compressed class space size: 1073741824 Address: 0x0000000100000000

Heap:
 PSYoungGen      total 37888K, used 5115K [0x00000000d6200000, 0x00000000d8c00000, 0x0000000100000000)
  eden space 32768K, 0% used [0x00000000d6200000,0x00000000d6200000,0x00000000d8200000)
  from space 5120K, 99% used [0x00000000d8700000,0x00000000d8bfeeb0,0x00000000d8c00000)
  to   space 5120K, 0% used [0x00000000d8200000,0x00000000d8200000,0x00000000d8700000)
 ParOldGen       total 86016K, used 6426K [0x0000000082600000, 0x0000000087a00000, 0x00000000d6200000)
  object space 86016K, 7% used [0x0000000082600000,0x0000000082c468c8,0x0000000087a00000)
 Metaspace       used 20202K, capacity 21136K, committed 21248K, reserved 1067008K
  class space    used 2532K, capacity 2758K, committed 2816K, reserved 1048576K

Card table byte_map: [0x000001f827cb0000,0x000001f8280a0000] byte_map_base: 0x000001f82789d000

Marking Bits: (ParMarkBitMap*) 0x000000005fb07fe0
 Begin Bits: [0x000001f828340000, 0x000001f82a2a8000)
 End Bits:   [0x000001f82a2a8000, 0x000001f82c210000)

Polling page: 0x000001f817070000

CodeCache: size=245760Kb used=6215Kb max_used=6215Kb free=239544Kb
 bounds [0x000001f8188f0000, 0x000001f818f10000, 0x000001f8278f0000]
 total_blobs=2171 nmethods=1815 adapters=276
 compilation: enabled

Compilation events (10 events):
Event: 1.548 Thread 0x000001f82d0b5000 nmethod 1788 0x000001f818edb690 code [0x000001f818edb7e0, 0x000001f818edbab8]
Event: 1.549 Thread 0x000001f82d0b5000 1797       4       java.lang.String::concat (50 bytes)
Event: 1.551 Thread 0x000001f82d0cb800 nmethod 1791 0x000001f818edbdd0 code [0x000001f818edc260, 0x000001f818edf150]
Event: 1.551 Thread 0x000001f82d0cb800 1796       3       java.util.stream.AbstractPipeline::evaluate (94 bytes)
Event: 1.551 Thread 0x000001f82d0cb800 nmethod 1796 0x000001f818edab10 code [0x000001f818edad00, 0x000001f818edb430]
Event: 1.551 Thread 0x000001f82d0cb800 1792       3       sun.net.www.protocol.file.Handler::createFileURLConnection (10 bytes)
Event: 1.551 Thread 0x000001f82d0cb800 nmethod 1792 0x000001f818eda6d0 code [0x000001f818eda840, 0x000001f818edaa50]
Event: 1.551 Thread 0x000001f82d0cb800 1793       3       sun.net.www.protocol.file.FileURLConnection::<init> (38 bytes)
Event: 1.551 Thread 0x000001f82d0cb800 nmethod 1793 0x000001f818ed9f90 code [0x000001f818eda120, 0x000001f818eda4e0]
Event: 1.551 Thread 0x000001f82d0cb800 1794       3       sun.net.www.URLConnection::<init> (22 bytes)

GC Heap History (6 events):
Event: 0.863 GC heap before
{Heap before GC invocations=1 (full 0):
 PSYoungGen      total 37888K, used 32768K [0x00000000d6200000, 0x00000000d8c00000, 0x0000000100000000)
  eden space 32768K, 100% used [0x00000000d6200000,0x00000000d8200000,0x00000000d8200000)
  from space 5120K, 0% used [0x00000000d8700000,0x00000000d8700000,0x00000000d8c00000)
  to   space 5120K, 0% used [0x00000000d8200000,0x00000000d8200000,0x00000000d8700000)
 ParOldGen       total 86016K, used 0K [0x0000000082600000, 0x0000000087a00000, 0x00000000d6200000)
  object space 86016K, 0% used [0x0000000082600000,0x0000000082600000,0x0000000087a00000)
 Metaspace       used 11137K, capacity 11586K, committed 11776K, reserved 1058816K
  class space    used 1345K, capacity 1463K, committed 1536K, reserved 1048576K
Event: 0.867 GC heap after
Heap after GC invocations=1 (full 0):
 PSYoungGen      total 37888K, used 5106K [0x00000000d6200000, 0x00000000d8c00000, 0x0000000100000000)
  eden space 32768K, 0% used [0x00000000d6200000,0x00000000d6200000,0x00000000d8200000)
  from space 5120K, 99% used [0x00000000d8200000,0x00000000d86fcb18,0x00000000d8700000)
  to   space 5120K, 0% used [0x00000000d8700000,0x00000000d8700000,0x00000000d8c00000)
 ParOldGen       total 86016K, used 585K [0x0000000082600000, 0x0000000087a00000, 0x00000000d6200000)
  object space 86016K, 0% used [0x0000000082600000,0x0000000082692428,0x0000000087a00000)
 Metaspace       used 11137K, capacity 11586K, committed 11776K, reserved 1058816K
  class space    used 1345K, capacity 1463K, committed 1536K, reserved 1048576K
}
Event: 1.146 GC heap before
{Heap before GC invocations=2 (full 0):
 PSYoungGen      total 37888K, used 37874K [0x00000000d6200000, 0x00000000d8c00000, 0x0000000100000000)
  eden space 32768K, 100% used [0x00000000d6200000,0x00000000d8200000,0x00000000d8200000)
  from space 5120K, 99% used [0x00000000d8200000,0x00000000d86fcb18,0x00000000d8700000)
  to   space 5120K, 0% used [0x00000000d8700000,0x00000000d8700000,0x00000000d8c00000)
 ParOldGen       total 86016K, used 585K [0x0000000082600000, 0x0000000087a00000, 0x00000000d6200000)
  object space 86016K, 0% used [0x0000000082600000,0x0000000082692428,0x0000000087a00000)
 Metaspace       used 16288K, capacity 17000K, committed 17280K, reserved 1064960K
  class space    used 1992K, capacity 2144K, committed 2176K, reserved 1048576K
Event: 1.153 GC heap after
Heap after GC invocations=2 (full 0):
 PSYoungGen      total 37888K, used 5089K [0x00000000d6200000, 0x00000000d8c00000, 0x0000000100000000)
  eden space 32768K, 0% used [0x00000000d6200000,0x00000000d6200000,0x00000000d8200000)
  from space 5120K, 99% used [0x00000000d8700000,0x00000000d8bf8508,0x00000000d8c00000)
  to   space 5120K, 0% used [0x00000000d8200000,0x00000000d8200000,0x00000000d8700000)
 ParOldGen       total 86016K, used 2911K [0x0000000082600000, 0x0000000087a00000, 0x00000000d6200000)
  object space 86016K, 3% used [0x0000000082600000,0x00000000828d7e78,0x0000000087a00000)
 Metaspace       used 16288K, capacity 17000K, committed 17280K, reserved 1064960K
  class space    used 1992K, capacity 2144K, committed 2176K, reserved 1048576K
}
Event: 1.443 GC heap before
{Heap before GC invocations=3 (full 0):
 PSYoungGen      total 37888K, used 37842K [0x00000000d6200000, 0x00000000d8c00000, 0x0000000100000000)
  eden space 32768K, 99% used [0x00000000d6200000,0x00000000d81fc690,0x00000000d8200000)
  from space 5120K, 99% used [0x00000000d8700000,0x00000000d8bf8508,0x00000000d8c00000)
  to   space 5120K, 0% used [0x00000000d8200000,0x00000000d8200000,0x00000000d8700000)
 ParOldGen       total 86016K, used 2911K [0x0000000082600000, 0x0000000087a00000, 0x00000000d6200000)
  object space 86016K, 3% used [0x0000000082600000,0x00000000828d7e78,0x0000000087a00000)
 Metaspace       used 19741K, capacity 20610K, committed 20864K, reserved 1067008K
  class space    used 2474K, capacity 2683K, committed 2688K, reserved 1048576K
Event: 1.449 GC heap after
Heap after GC invocations=3 (full 0):
 PSYoungGen      total 37888K, used 5099K [0x00000000d6200000, 0x00000000d8c00000, 0x0000000100000000)
  eden space 32768K, 0% used [0x00000000d6200000,0x00000000d6200000,0x00000000d8200000)
  from space 5120K, 99% used [0x00000000d8200000,0x00000000d86fae08,0x00000000d8700000)
  to   space 5120K, 0% used [0x00000000d8700000,0x00000000d8700000,0x00000000d8c00000)
 ParOldGen       total 86016K, used 6264K [0x0000000082600000, 0x0000000087a00000, 0x00000000d6200000)
  object space 86016K, 7% used [0x0000000082600000,0x0000000082c1e290,0x0000000087a00000)
 Metaspace       used 19741K, capacity 20610K, committed 20864K, reserved 1067008K
  class space    used 2474K, capacity 2683K, committed 2688K, reserved 1048576K
}

Deoptimization events (10 events):
Event: 1.075 Thread 0x000001f816f12800 Uncommon trap: reason=unstable_if action=reinterpret pc=0x000001f818b90a14 method=java.io.WinNTFileSystem.normalize(Ljava/lang/String;II)Ljava/lang/String; @ 90
Event: 1.101 Thread 0x000001f816f12800 Uncommon trap: reason=unstable_if action=reinterpret pc=0x000001f818bbb504 method=java.util.HashMap.getNode(ILjava/lang/Object;)Ljava/util/HashMap$Node; @ 129
Event: 1.183 Thread 0x000001f816f12800 Uncommon trap: reason=unstable_if action=reinterpret pc=0x000001f818d22968 method=java.util.concurrent.ConcurrentHashMap.putVal(Ljava/lang/Object;Ljava/lang/Object;Z)Ljava/lang/Object; @ 206
Event: 1.255 Thread 0x000001f82fd73800 Uncommon trap: reason=unstable_if action=reinterpret pc=0x000001f818c5f558 method=jdk.internal.org.objectweb.asm.Type.getArgumentsAndReturnSizes(Ljava/lang/String;)I @ 47
Event: 1.322 Thread 0x000001f816f12800 Uncommon trap: reason=unstable_if action=reinterpret pc=0x000001f818cb7e64 method=java.util.Hashtable$Enumerator.nextElement()Ljava/lang/Object; @ 71
Event: 1.383 Thread 0x000001f816f12800 Uncommon trap: reason=class_check action=maybe_recompile pc=0x000001f818d35c48 method=java.util.HashMap.putVal(ILjava/lang/Object;Ljava/lang/Object;ZZ)Ljava/lang/Object; @ 203
Event: 1.405 Thread 0x000001f816f12800 Uncommon trap: reason=class_check action=maybe_recompile pc=0x000001f818d35c48 method=java.util.HashMap.putVal(ILjava/lang/Object;Ljava/lang/Object;ZZ)Ljava/lang/Object; @ 203
Event: 1.408 Thread 0x000001f816f12800 Uncommon trap: reason=class_check action=maybe_recompile pc=0x000001f818d35c48 method=java.util.HashMap.putVal(ILjava/lang/Object;Ljava/lang/Object;ZZ)Ljava/lang/Object; @ 203
Event: 1.439 Thread 0x000001f816f12800 Uncommon trap: reason=class_check action=maybe_recompile pc=0x000001f818d35c48 method=java.util.HashMap.putVal(ILjava/lang/Object;Ljava/lang/Object;ZZ)Ljava/lang/Object; @ 203
Event: 1.461 Thread 0x000001f816f12800 Uncommon trap: reason=unstable_if action=reinterpret pc=0x000001f818b4c620 method=sun.misc.MetaIndex.mayContain(Ljava/lang/String;)Z @ 38

Classes redefined (0 events):
No events

Internal exceptions (10 events):
Event: 1.226 Thread 0x000001f816f12800 Exception <a 'java/lang/ClassNotFoundException': org/springframework/beans/factory/AwareCustomizer> (0x00000000d6cdefd8) thrown at [C:\jenkins\workspace\8-2-build-windows-amd64-cygwin\jdk8u291\1294\hotspot\src\share\vm\classfile\systemDictionary.cpp, line
Event: 1.227 Thread 0x000001f816f12800 Exception <a 'java/lang/ClassNotFoundException': org/springframework/beans/factory/BeanClassLoaderAwareCustomizer> (0x00000000d6d74b50) thrown at [C:\jenkins\workspace\8-2-build-windows-amd64-cygwin\jdk8u291\1294\hotspot\src\share\vm\classfile\systemDicti
Event: 1.227 Thread 0x000001f816f12800 Exception <a 'java/lang/ClassNotFoundException': org/springframework/beans/factory/AwareCustomizer> (0x00000000d6d842d8) thrown at [C:\jenkins\workspace\8-2-build-windows-amd64-cygwin\jdk8u291\1294\hotspot\src\share\vm\classfile\systemDictionary.cpp, line
Event: 1.228 Thread 0x000001f816f12800 Exception <a 'java/lang/ClassNotFoundException': org/springframework/context/EnvironmentAwareCustomizer> (0x00000000d6d936e0) thrown at [C:\jenkins\workspace\8-2-build-windows-amd64-cygwin\jdk8u291\1294\hotspot\src\share\vm\classfile\systemDictionary.cpp,
Event: 1.228 Thread 0x000001f816f12800 Exception <a 'java/lang/ClassNotFoundException': org/springframework/beans/factory/AwareCustomizer> (0x00000000d6da2d48) thrown at [C:\jenkins\workspace\8-2-build-windows-amd64-cygwin\jdk8u291\1294\hotspot\src\share\vm\classfile\systemDictionary.cpp, line
Event: 1.259 Thread 0x000001f82fd73800 Exception <a 'java/lang/IncompatibleClassChangeError': Found class java.lang.Object, but interface was expected> (0x00000000d7154f30) thrown at [C:\jenkins\workspace\8-2-build-windows-amd64-cygwin\jdk8u291\1294\hotspot\src\share\vm\interpreter\linkResolve
Event: 1.305 Thread 0x000001f816f12800 Exception <a 'java/lang/NoSuchMethodError': java.lang.Object.lambda$or$2(Ljava/util/function/Predicate;Ljava/lang/Object;)Z> (0x00000000d748d700) thrown at [C:\jenkins\workspace\8-2-build-windows-amd64-cygwin\jdk8u291\1294\hotspot\src\share\vm\interpreter
Event: 1.360 Thread 0x000001f816f12800 Exception <a 'java/lang/IncompatibleClassChangeError': Found class java.lang.Object, but interface was expected> (0x00000000d7b2ede0) thrown at [C:\jenkins\workspace\8-2-build-windows-amd64-cygwin\jdk8u291\1294\hotspot\src\share\vm\interpreter\linkResolve
Event: 1.389 Thread 0x000001f816f12800 Exception <a 'java/lang/NoSuchMethodError': java.lang.Object.lambda$getAllAnnotationAttributes$0(Lorg/springframework/util/MultiValueMap;)Lorg/springframework/util/MultiValueMap;> (0x00000000d7d34c18) thrown at [C:\jenkins\workspace\8-2-build-windows-amd6
Event: 1.390 Thread 0x000001f816f12800 Exception <a 'java/lang/NoSuchMethodError': java.lang.Object.lambda$identity$2(Ljava/lang/Object;)Ljava/lang/Object;> (0x00000000d7d44fd8) thrown at [C:\jenkins\workspace\8-2-build-windows-amd64-cygwin\jdk8u291\1294\hotspot\src\share\vm\interpreter\linkRe

Events (10 events):
Event: 1.551 Thread 0x000001f816f12800 DEOPT PACKING pc=0x000001f818bf38ec sp=0x000000819ecfe1d0
Event: 1.551 Thread 0x000001f816f12800 DEOPT UNPACKING pc=0x000001f818937898 sp=0x000000819ecfdf30 mode 1
Event: 1.551 Thread 0x000001f816f12800 DEOPT PACKING pc=0x000001f818e98524 sp=0x000000819ecfe270
Event: 1.551 Thread 0x000001f816f12800 DEOPT UNPACKING pc=0x000001f818937898 sp=0x000000819ecfdfb8 mode 1
Event: 1.551 loading class org/eclipse/jetty/util/Loader
Event: 1.551 loading class org/eclipse/jetty/util/Loader done
Event: 1.551 Thread 0x000001f816f12800 DEOPT PACKING pc=0x000001f818b22781 sp=0x000000819ecfd4a0
Event: 1.551 Thread 0x000001f816f12800 DEOPT UNPACKING pc=0x000001f818937898 sp=0x000000819ecfd1f0 mode 1
Event: 1.551 Thread 0x000001f816f12800 DEOPT PACKING pc=0x000001f818ac998c sp=0x000000819ecfd520
Event: 1.551 Thread 0x000001f816f12800 DEOPT UNPACKING pc=0x000001f818937898 sp=0x000000819ecfd340 mode 1


Dynamic libraries:
0x00007ff6fd560000 - 0x00007ff6fd5a7000 	C:\Program Files\Java\jdk1.8.0_291\bin\java.exe
0x00007ffc71a10000 - 0x00007ffc71c06000 	C:\Windows\SYSTEM32\ntdll.dll
0x00007ffc70670000 - 0x00007ffc7072d000 	C:\Windows\System32\KERNEL32.DLL
0x00007ffc6f310000 - 0x00007ffc6f5d8000 	C:\Windows\System32\KERNELBASE.dll
0x00007ffc70920000 - 0x00007ffc709cc000 	C:\Windows\System32\ADVAPI32.dll
0x00007ffc70730000 - 0x00007ffc707ce000 	C:\Windows\System32\msvcrt.dll
0x00007ffc717a0000 - 0x00007ffc7183b000 	C:\Windows\System32\sechost.dll
0x00007ffc6fb90000 - 0x00007ffc6fcb4000 	C:\Windows\System32\RPCRT4.dll
0x00007ffc6fd80000 - 0x00007ffc6ff20000 	C:\Windows\System32\USER32.dll
0x00007ffc6f8e0000 - 0x00007ffc6f902000 	C:\Windows\System32\win32u.dll
0x00007ffc71670000 - 0x00007ffc7169a000 	C:\Windows\System32\GDI32.dll
0x00007ffc6f960000 - 0x00007ffc6fa69000 	C:\Windows\System32\gdi32full.dll
0x00007ffc6f840000 - 0x00007ffc6f8dd000 	C:\Windows\System32\msvcp_win.dll
0x00007ffc6f740000 - 0x00007ffc6f840000 	C:\Windows\System32\ucrtbase.dll
0x00007ffc52660000 - 0x00007ffc528fb000 	C:\Windows\WinSxS\amd64_microsoft.windows.common-controls_6595b64144ccf1df_6.0.19041.488_none_ca04af081b815d21\COMCTL32.dll
0x00007ffc70830000 - 0x00007ffc70860000 	C:\Windows\System32\IMM32.DLL
0x00007ffc58070000 - 0x00007ffc58085000 	C:\Program Files\Java\jdk1.8.0_291\jre\bin\vcruntime140.dll
0x00007ffc2a080000 - 0x00007ffc2a11b000 	C:\Program Files\Java\jdk1.8.0_291\jre\bin\msvcp140.dll
0x000000005f320000 - 0x000000005fb80000 	C:\Program Files\Java\jdk1.8.0_291\jre\bin\server\jvm.dll
0x00007ffc71720000 - 0x00007ffc71728000 	C:\Windows\System32\PSAPI.DLL
0x00007ffc4f930000 - 0x00007ffc4f957000 	C:\Windows\SYSTEM32\WINMM.dll
0x00007ffc6aca0000 - 0x00007ffc6aca9000 	C:\Windows\SYSTEM32\WSOCK32.dll
0x00007ffc637a0000 - 0x00007ffc637aa000 	C:\Windows\SYSTEM32\VERSION.dll
0x00007ffc71730000 - 0x00007ffc7179b000 	C:\Windows\System32\WS2_32.dll
0x00007ffc6d060000 - 0x00007ffc6d072000 	C:\Windows\SYSTEM32\kernel.appcore.dll
0x00007ffc5d0e0000 - 0x00007ffc5d0f0000 	C:\Program Files\Java\jdk1.8.0_291\jre\bin\verify.dll
0x00007ffc45630000 - 0x00007ffc4565b000 	C:\Program Files\Java\jdk1.8.0_291\jre\bin\java.dll
0x00007ffc3a350000 - 0x00007ffc3a386000 	C:\Program Files\Java\jdk1.8.0_291\jre\bin\jdwp.dll
0x00007ffc61b10000 - 0x00007ffc61b19000 	C:\Program Files\Java\jdk1.8.0_291\jre\bin\npt.dll
0x00007ffc50e60000 - 0x00007ffc50e78000 	C:\Program Files\Java\jdk1.8.0_291\jre\bin\zip.dll
0x00007ffc6ff20000 - 0x00007ffc70661000 	C:\Windows\System32\SHELL32.dll
0x00007ffc6d260000 - 0x00007ffc6d9f5000 	C:\Windows\SYSTEM32\windows.storage.dll
0x00007ffc71310000 - 0x00007ffc71665000 	C:\Windows\System32\combase.dll
0x00007ffc6eae0000 - 0x00007ffc6eb0c000 	C:\Windows\SYSTEM32\Wldp.dll
0x00007ffc70860000 - 0x00007ffc7090e000 	C:\Windows\System32\SHCORE.dll
0x00007ffc707d0000 - 0x00007ffc70825000 	C:\Windows\System32\shlwapi.dll
0x00007ffc6f080000 - 0x00007ffc6f0a6000 	C:\Windows\SYSTEM32\profapi.dll
0x00007ffc5ecd0000 - 0x00007ffc5ecda000 	C:\Program Files\Java\jdk1.8.0_291\jre\bin\dt_socket.dll
0x00007ffc6e820000 - 0x00007ffc6e88a000 	C:\Windows\system32\mswsock.dll
0x00007ffc6e9c0000 - 0x00007ffc6e9d8000 	C:\Windows\SYSTEM32\CRYPTSP.dll
0x00007ffc6e1c0000 - 0x00007ffc6e1f4000 	C:\Windows\system32\rsaenh.dll
0x00007ffc6f1d0000 - 0x00007ffc6f1f7000 	C:\Windows\System32\bcrypt.dll
0x00007ffc6f040000 - 0x00007ffc6f06e000 	C:\Windows\SYSTEM32\USERENV.dll
0x00007ffc6f150000 - 0x00007ffc6f1cf000 	C:\Windows\System32\bcryptprimitives.dll
0x00007ffc6e9e0000 - 0x00007ffc6e9ec000 	C:\Windows\SYSTEM32\CRYPTBASE.dll
0x00007ffc462b0000 - 0x00007ffc462cc000 	C:\Program Files\Java\jdk1.8.0_291\jre\bin\net.dll
0x00007ffc6e520000 - 0x00007ffc6e55b000 	C:\Windows\SYSTEM32\IPHLPAPI.DLL
0x00007ffc710f0000 - 0x00007ffc710f8000 	C:\Windows\System32\NSI.dll
0x00007ffc67450000 - 0x00007ffc67467000 	C:\Windows\SYSTEM32\dhcpcsvc6.DLL
0x00007ffc67260000 - 0x00007ffc6727d000 	C:\Windows\SYSTEM32\dhcpcsvc.DLL
0x00007ffc6e560000 - 0x00007ffc6e62b000 	C:\Windows\SYSTEM32\DNSAPI.dll
0x00007ffc45610000 - 0x00007ffc45623000 	C:\Program Files\Java\jdk1.8.0_291\jre\bin\nio.dll
0x00007ffc5cdd0000 - 0x00007ffc5cddd000 	C:\Program Files\Java\jdk1.8.0_291\jre\bin\management.dll
0x00007ffc59830000 - 0x00007ffc59847000 	C:\Windows\system32\napinsp.dll
0x00007ffc58040000 - 0x00007ffc5805b000 	C:\Windows\system32\pnrpnsp.dll
0x00007ffc69720000 - 0x00007ffc69735000 	C:\Windows\system32\wshbth.dll
0x00007ffc6ac80000 - 0x00007ffc6ac9d000 	C:\Windows\system32\NLAapi.dll
0x00007ffc51880000 - 0x00007ffc51892000 	C:\Windows\System32\winrnr.dll
0x00007ffc64aa0000 - 0x00007ffc64aaa000 	C:\Windows\System32\rasadhlp.dll
0x00007ffc64ff0000 - 0x00007ffc6506f000 	C:\Windows\System32\fwpuclnt.dll
0x00007ffc65790000 - 0x00007ffc65974000 	C:\Windows\SYSTEM32\dbghelp.dll

VM Arguments:
jvm_args: -agentlib:jdwp=transport=dt_socket,server=n,suspend=y,address=127.0.0.1:59289 -Dfile.encoding=windows-1252 -Duser.country=US -Duser.language=en -Duser.variant 
java_command: com.example.CORS_SERVICE.CorsServiceApplication
java_class_path (initial): C:\Users\HuyNG\Documents\BHX\_LINE_WEBHOOK\build\classes\java\main;C:\Users\HuyNG\Documents\BHX\_LINE_WEBHOOK\build\resources\main;C:\Users\HuyNG\.gradle\caches\modules-2\files-2.1\com.linecorp.bot\line-bot-spring-boot\4.3.0\9d4aeefb27743354d62664d6f7877acd6d7dd88\line-bot-spring-boot-4.3.0.jar;C:\Users\HuyNG\.gradle\caches\modules-2\files-2.1\org.springframework.boot\spring-boot-starter-web\2.4.5\93cf2655557534e35723fbafa069bed2ee125832\spring-boot-starter-web-2.4.5.jar;C:\Users\HuyNG\.gradle\caches\modules-2\files-2.1\org.springframework.boot\spring-boot-starter-json\2.4.5\5c1623aa53adf10cd98884f60db2d9f5958dbc28\spring-boot-starter-json-2.4.5.jar;C:\Users\HuyNG\.gradle\caches\modules-2\files-2.1\org.springframework.boot\spring-boot-starter\2.4.5\5f5398f459beb958fc2ece1a433420bf03cec628\spring-boot-starter-2.4.5.jar;C:\Users\HuyNG\.gradle\caches\modules-2\files-2.1\org.springframework.boot\spring-boot-autoconfigure\2.4.5\32887531b5a125d4840a08f9610aec766de73606\spring-boot-autoconfigure-2.4.5.jar;C:\Users\HuyNG\.gradle\caches\modules-2\files-2.1\org.springframework.boot\spring-boot\2.4.5\d9b82470df2e9549e448d7cef39e578d91f9867f\spring-boot-2.4.5.jar;C:\Users\HuyNG\.gradle\caches\modules-2\files-2.1\org.springframework.boot\spring-boot-starter-logging\2.4.5\1537bbc2e8c6c9db806f9fa11ca7af394d7adacc\spring-boot-starter-logging-2.4.5.jar;C:\Users\HuyNG\.gradle\caches\modules-2\files-2.1\org.springframework.boot\spring-boot-starter-tomcat\2.4.5\f562f975967df544afd88d8d10aa4bcd356b799d\spring-boot-starter-tomcat-2.4.5.jar;C:\Users\HuyNG\.gradle\caches\modules-2\files-2.1\jakarta.annotation\jakarta.annotation-api\1.3.5\59eb84ee0d616332ff44aba065f3888cf002cd2d\jakarta.annotation-api-1.3.5.jar;C:\Users\HuyNG\.gradle\caches\modules-2\files-2.1\org.springframework\spring-webmvc\5.3.6\a9bff0c28f90c73b0443de1d9299f32778ac8421\spring-webmvc-5.3.6.jar;C:\Users\HuyNG\.gradle\caches\modules-2\files-2.1\org.springframework\spring-web\5.3.6\f9290db732419
Launcher Type: SUN_STANDARD

Environment Variables:
PATH=C:\Program Files (x86)\Common Files\Oracle\Java\javapath;C:\Windows\system32;C:\Windows;C:\Windows\System32\Wbem;C:\Windows\System32\WindowsPowerShell\v1.0\;C:\Windows\System32\OpenSSH\;C:\Program Files\Git\cmd;C:\Program Files\Java\jdk1.8.0_291\bin;;C:\Program Files\Docker\Docker\resources\bin;C:\ProgramData\DockerDesktop\version-bin;C:\Users\HuyNG\AppData\Local\Microsoft\WindowsApps;
USERNAME=HuyNG
OS=Windows_NT
PROCESSOR_IDENTIFIER=Intel64 Family 6 Model 142 Stepping 10, GenuineIntel



---------------  S Y S T E M  ---------------

OS: Windows 10.0 , 64 bit Build 19041 (10.0.19041.546)

CPU:total 8 (initial active 8) (4 cores per cpu, 2 threads per core) family 6 model 142 stepping 10, cmov, cx8, fxsr, mmx, sse, sse2, sse3, ssse3, sse4.1, sse4.2, popcnt, avx, avx2, aes, clmul, erms, 3dnowpref, lzcnt, ht, tsc, tscinvbit, bmi1, bmi2, adx

Memory: 4k page, physical 8231084k(422472k free), swap 16859560k(5284k free)

vm_info: Java HotSpot(TM) 64-Bit Server VM (25.291-b10) for windows-amd64 JRE (1.8.0_291-b10), built on Apr  9 2021 00:02:00 by "java_re" with MS VC++ 15.9 (VS2017)

time: Fri Apr 23 20:25:54 2021
timezone: SE Asia Standard Time
elapsed time: 1.587564 seconds (0d 0h 0m 1s)

